<?xml version="1.0" encoding="UTF-8"?>
<!-- Generated by org.testng.reporters.JUnitXMLReporter -->
<testsuite ignored="0" hostname="Siddharam" failures="1" tests="1" name="Surefire test" time="9.591" errors="0" timestamp="2025-09-04T00:16:25 IST">
  <testcase classname="tests.LoginTest" name="invalidLogin" time="3.163">
    <failure type="java.lang.AssertionError" message="expected [true] but found [false]">
      <![CDATA[java.lang.AssertionError: expected [true] but found [false]
at tests.LoginTest.invalidLogin(LoginTest.java:33)
at java.base/java.util.ArrayList.forEach(ArrayList.java:1604)
... Removed 34 stack frames]]>
    </failure>
  </testcase> <!-- invalidLogin -->
</testsuite> <!-- Surefire test -->
