<?xml version="1.0" encoding="UTF-8"?>
<!-- Generated by org.testng.reporters.JUnitXMLReporter -->
<testsuite ignored="0" hostname="Siddharam" failures="4" tests="8" name="Surefire test" time="22.832" errors="0" timestamp="2025-09-04T01:40:27 IST">
  <testcase classname="tests.DashboardTest" name="verifyDashboardHeader" time="0.004">
    <failure type="java.lang.NullPointerException" message="Cannot invoke &amp;quot;pages.Dashboard.isDashboardHeaderVisible()&amp;quot; because &amp;quot;this.dashboard&amp;quot; is null">
      <![CDATA[java.lang.NullPointerException: Cannot invoke "pages.Dashboard.isDashboardHeaderVisible()" because "this.dashboard" is null
at tests.DashboardTest.verifyDashboardHeader(DashboardTest.java:23)
at java.base/java.util.ArrayList.forEach(ArrayList.java:1604)
... Removed 30 stack frames]]>
    </failure>
  </testcase> <!-- verifyDashboardHeader -->
  <testcase classname="tests.DashboardTest" name="verifyAdminMenu" time="0.002">
    <failure type="java.lang.NullPointerException" message="Cannot invoke &amp;quot;pages.Dashboard.isAdminVisible()&amp;quot; because &amp;quot;this.dashboard&amp;quot; is null">
      <![CDATA[java.lang.NullPointerException: Cannot invoke "pages.Dashboard.isAdminVisible()" because "this.dashboard" is null
at tests.DashboardTest.verifyAdminMenu(DashboardTest.java:28)
at java.base/java.util.ArrayList.forEach(ArrayList.java:1604)
... Removed 30 stack frames]]>
    </failure>
  </testcase> <!-- verifyAdminMenu -->
  <testcase classname="tests.DashboardTest" name="verifyPIMMenu" time="0.0">
    <failure type="java.lang.NullPointerException" message="Cannot invoke &amp;quot;pages.Dashboard.isPIMVisible()&amp;quot; because &amp;quot;this.dashboard&amp;quot; is null">
      <![CDATA[java.lang.NullPointerException: Cannot invoke "pages.Dashboard.isPIMVisible()" because "this.dashboard" is null
at tests.DashboardTest.verifyPIMMenu(DashboardTest.java:33)
at java.base/java.util.ArrayList.forEach(ArrayList.java:1604)
... Removed 30 stack frames]]>
    </failure>
  </testcase> <!-- verifyPIMMenu -->
  <testcase classname="tests.DashboardTest" name="verifyLeaveMenu" time="0.001">
    <failure type="java.lang.NullPointerException" message="Cannot invoke &amp;quot;pages.Dashboard.isLeaveVisible()&amp;quot; because &amp;quot;this.dashboard&amp;quot; is null">
      <![CDATA[java.lang.NullPointerException: Cannot invoke "pages.Dashboard.isLeaveVisible()" because "this.dashboard" is null
at tests.DashboardTest.verifyLeaveMenu(DashboardTest.java:38)
at java.base/java.util.ArrayList.forEach(ArrayList.java:1604)
... Removed 30 stack frames]]>
    </failure>
  </testcase> <!-- verifyLeaveMenu -->
  <testcase classname="tests.LoginTest" name="invalidLogin" time="5.83"/>
  <testcase classname="tests.LoginTest" name="emptyCredentialLogin" time="0.237"/>
  <testcase classname="tests.LoginTest" name="validLogin" time="1.381"/>
  <testcase classname="tests.LoginTest" name="logout" time="3.892"/>
</testsuite> <!-- Surefire test -->
