<?xml version="1.0" encoding="UTF-8"?>
<testng-results ignored="0" total="1" passed="1" failed="0" skipped="0">
  <reporter-output>
  </reporter-output>
  <suite started-at="2025-09-03T19:01:49 IST" name="Surefire suite" finished-at="2025-09-03T19:01:59 IST" duration-ms="10146">
    <groups>
    </groups>
    <test started-at="2025-09-03T19:01:49 IST" name="Surefire test" finished-at="2025-09-03T19:01:59 IST" duration-ms="10146">
      <class name="tests.LoginTest">
        <test-method is-config="true" signature="setup()[pri:0, instance:tests.LoginTest@8909f18]" started-at="2025-09-03T19:01:49 IST" name="setup" finished-at="2025-09-03T19:01:56 IST" duration-ms="7422" status="PASS">
          <reporter-output>
          </reporter-output>
        </test-method> <!-- setup -->
        <test-method signature="validLogin()[pri:0, instance:tests.LoginTest@8909f18]" started-at="2025-09-03T19:01:56 IST" name="validLogin" finished-at="2025-09-03T19:01:59 IST" duration-ms="2409" status="PASS">
          <reporter-output>
          </reporter-output>
        </test-method> <!-- validLogin -->
        <test-method is-config="true" signature="tearDown()[pri:0, instance:tests.LoginTest@8909f18]" started-at="2025-09-03T19:01:59 IST" name="tearDown" finished-at="2025-09-03T19:01:59 IST" duration-ms="264" status="PASS">
          <reporter-output>
          </reporter-output>
        </test-method> <!-- tearDown -->
      </class> <!-- tests.LoginTest -->
    </test> <!-- Surefire test -->
  </suite> <!-- Surefire suite -->
</testng-results>
